<?xml version="1.0" encoding="utf-8"?><testsuites name="pytest tests"><testsuite name="pytest" errors="0" failures="0" skipped="0" tests="9" time="1.589" timestamp="2026-07-02T03:59:38.212570+00:00" hostname="agent-env-ecc2ede4-2a47-44c8-a0d7-0aaeda768d38"><testcase classname="tests.test_contact_email.TestRegression" name="test_github_stats" time="0.336" /><testcase classname="tests.test_contact_email.TestContactEmail" name="test_root" time="0.266" /><testcase classname="tests.test_contact_email.TestContactEmail" name="test_valid_contact_returns_email_sent_true" time="0.311" /><testcase classname="tests.test_contact_email.TestRegression" name="test_github_contributions" time="0.081" /><testcase classname="tests.test_contact_email.TestRegression" name="test_leetcode_stats" time="0.073" /><testcase classname="tests.test_contact_email.TestRegression" name="test_codechef_stats" time="0.076" /><testcase classname="tests.test_contact_email.TestContactEmail" name="test_invalid_email_returns_422" time="0.078" /><testcase classname="tests.test_contact_email.TestContactEmail" name="test_missing_field_returns_422" time="0.074" /><testcase classname="tests.test_contact_email.TestContactEmail" name="test_message_persists_in_mongo" time="0.302" /></testsuite></testsuites>