<?xml version="1.0" encoding="utf-8"?><testsuites name="pytest tests"><testsuite name="pytest" errors="0" failures="0" skipped="0" tests="8" time="1.403" timestamp="2026-07-02T03:42:50.498976+00:00" hostname="agent-env-ecc2ede4-2a47-44c8-a0d7-0aaeda768d38"><testcase classname="tests.test_contributions.TestGithubContributions" name="test_endpoint_status_and_schema" time="0.259" /><testcase classname="tests.test_contributions.TestRegressionExistingEndpoints" name="test_root" time="0.248" /><testcase classname="tests.test_contributions.TestRegressionExistingEndpoints" name="test_github_stats" time="0.118" /><testcase classname="tests.test_contributions.TestGithubContributions" name="test_endpoint_is_cached" time="0.235" /><testcase classname="tests.test_contributions.TestRegressionExistingEndpoints" name="test_leetcode_stats" time="0.077" /><testcase classname="tests.test_contributions.TestRegressionExistingEndpoints" name="test_codechef_stats" time="0.075" /><testcase classname="tests.test_contributions.TestRegressionExistingEndpoints" name="test_contact_post_and_get" time="0.171" /><testcase classname="tests.test_contributions.TestRegressionExistingEndpoints" name="test_contact_invalid_email" time="0.080" /></testsuite></testsuites>